[debug] [2023-07-05T08:22:53.631Z] ----------------------------------------------------------------------
[debug] [2023-07-05T08:22:53.635Z] Command:       C:\Program Files\nodejs\node.exe C:\Users\Rizwa\AppData\Roaming\npm\node_modules\firebase-tools\lib\bin\firebase.js deploy
[debug] [2023-07-05T08:22:53.636Z] CLI Version:   12.4.2
[debug] [2023-07-05T08:22:53.636Z] Platform:      win32
[debug] [2023-07-05T08:22:53.637Z] Node Version:  v18.15.0
[debug] [2023-07-05T08:22:53.638Z] Time:          Wed Jul 05 2023 13:22:53 GMT+0500 (Pakistan Standard Time)
[debug] [2023-07-05T08:22:53.638Z] ----------------------------------------------------------------------
[debug] 
[debug] [2023-07-05T08:22:54.000Z] > command requires scopes: ["email","openid","https://www.googleapis.com/auth/cloudplatformprojects.readonly","https://www.googleapis.com/auth/firebase","https://www.googleapis.com/auth/cloud-platform"]
[debug] [2023-07-05T08:22:54.001Z] > authorizing via signed-in user (rizwannasir117@gmail.com)
[debug] [2023-07-05T08:22:54.002Z] [iam] checking project mui-form-generator for permissions ["datastore.indexes.create","datastore.indexes.delete","datastore.indexes.list","datastore.indexes.update","firebase.projects.get","firebasehosting.sites.update"]
[debug] [2023-07-05T08:22:54.006Z] >>> [apiv2][query] POST https://cloudresourcemanager.googleapis.com/v1/projects/mui-form-generator:testIamPermissions [none]
[debug] [2023-07-05T08:22:54.007Z] >>> [apiv2][(partial)header] POST https://cloudresourcemanager.googleapis.com/v1/projects/mui-form-generator:testIamPermissions x-goog-quota-user=projects/mui-form-generator
[debug] [2023-07-05T08:22:54.007Z] >>> [apiv2][body] POST https://cloudresourcemanager.googleapis.com/v1/projects/mui-form-generator:testIamPermissions {"permissions":["datastore.indexes.create","datastore.indexes.delete","datastore.indexes.list","datastore.indexes.update","firebase.projects.get","firebasehosting.sites.update"]}
[debug] [2023-07-05T08:22:57.192Z] <<< [apiv2][status] POST https://cloudresourcemanager.googleapis.com/v1/projects/mui-form-generator:testIamPermissions 200
[debug] [2023-07-05T08:22:57.193Z] <<< [apiv2][body] POST https://cloudresourcemanager.googleapis.com/v1/projects/mui-form-generator:testIamPermissions {"permissions":["datastore.indexes.create","datastore.indexes.delete","datastore.indexes.list","datastore.indexes.update","firebase.projects.get","firebasehosting.sites.update"]}
[debug] [2023-07-05T08:22:57.196Z] >>> [apiv2][query] GET https://firebase.googleapis.com/v1beta1/projects/mui-form-generator [none]
[debug] [2023-07-05T08:22:59.563Z] <<< [apiv2][status] GET https://firebase.googleapis.com/v1beta1/projects/mui-form-generator 200
[debug] [2023-07-05T08:22:59.563Z] <<< [apiv2][body] GET https://firebase.googleapis.com/v1beta1/projects/mui-form-generator {"projectId":"mui-form-generator","projectNumber":"587456041237","displayName":"mui-form-generator","name":"projects/mui-form-generator","resources":{"hostingSite":"mui-form-generator"},"state":"ACTIVE","etag":"1_f0fe04e3-2663-49b0-9db0-54fe7be9320c"}
[info] 
   Thank you for trying our early preview of Next.js support on Firebase Hosting.
   During the preview, support is best-effort and breaking changes can be expected. Proceed with caution.

   Documentation: https://firebase.google.com/docs/hosting/frameworks/nextjs
   File a bug: https://github.com/firebase/firebase-tools/issues/new?template=bug_report.md
   Submit a feature request: https://github.com/firebase/firebase-tools/issues/new?template=feature_request.md

   We'd love to learn from you. Express your interest in helping us shape the future of Firebase Hosting: https://goo.gle/41enW5X

[debug] [2023-07-05T08:23:57.910Z] Error: EPERM: operation not permitted, open 'C:\laragon\www\nextjs-mui-form-generator\.next\trace'
[error] 
[error] Error: An unexpected error has occurred.
